<?xml version="1.0" encoding="UTF-8"?>
<!-- Generated by org.testng.reporters.JUnitReportReporter -->
<testsuite hostname="DESKTOP-O949GMR" failures="0" tests="1" name="com.crm.qa.testcases.LoginPageTest" time="25.695" errors="0" timestamp="2025-03-08T22:42:30 IST" skipped="0">
  <testcase classname="com.crm.qa.testcases.LoginPageTest" name="loginTest" time="25.695"/>
</testsuite> <!-- com.crm.qa.testcases.LoginPageTest -->
