<?xml version="1.0" encoding="UTF-8"?>
<!-- Generated by org.testng.reporters.JUnitReportReporter -->
<testsuite hostname="DESKTOP-O949GMR" failures="0" tests="7" name="com.crm.qa.testcases.ContactsPageTest" time="200.066" errors="0" timestamp="2025-03-10T23:22:46 IST" skipped="0">
  <testcase classname="com.crm.qa.testcases.ContactsPageTest" name="contactLabelTest" time="26.065"/>
  <testcase classname="com.crm.qa.testcases.ContactsPageTest" name="selectSingleContactTest" time="28.247"/>
  <testcase classname="com.crm.qa.testcases.ContactsPageTest" name="selectMultipleContactsTest" time="26.904"/>
  <testcase classname="com.crm.qa.testcases.ContactsPageTest" name="createContactTest" time="29.719"/>
  <testcase classname="com.crm.qa.testcases.ContactsPageTest" name="createContactTest" time="29.060"/>
  <testcase classname="com.crm.qa.testcases.ContactsPageTest" name="createContactTest" time="30.079"/>
  <testcase classname="com.crm.qa.testcases.ContactsPageTest" name="createContactTest" time="29.992"/>
</testsuite> <!-- com.crm.qa.testcases.ContactsPageTest -->
