<?xml version="1.0" encoding="UTF-8"?>
<!-- Generated by org.testng.reporters.JUnitReportReporter -->
<testsuite hostname="DESKTOP-O949GMR" failures="0" tests="1" name="com.crm.qa.testcases.HomePageTest" time="25.415" errors="0" timestamp="2025-03-07T00:04:44 IST" skipped="0">
  <testcase classname="com.crm.qa.testcases.HomePageTest" name="gotoContactsPageTest" time="25.415"/>
</testsuite> <!-- com.crm.qa.testcases.HomePageTest -->
